<?xml version="1.0" encoding="UTF-8"?>
<!-- Generated by org.testng.reporters.JUnitReportReporter -->
<testsuite skipped="0" hostname="DESKTOP-ONH3S9L" name="learnException.HandleExceptions" tests="1" failures="0" timestamp="2020-04-03T16:37:08 CDT" time="23.669" errors="0">
  <testcase name="handleExceptions" time="23.669" classname="learnException.HandleExceptions"/>
</testsuite> <!-- learnException.HandleExceptions -->
