<?xml version="1.0" encoding="UTF-8"?>
<!-- Generated by org.testng.reporters.JUnitReportReporter -->
<testsuite skipped="0" hostname="DESKTOP-ONH3S9L" name="wrapper.TC002_EditLead" tests="1" failures="0" timestamp="2020-04-14T00:54:39 CDT" time="39.760" errors="0">
  <testcase name="editLead" time="39.760" classname="wrapper.TC002_EditLead"/>
</testsuite> <!-- wrapper.TC002_EditLead -->
