<?xml version="1.0" encoding="UTF-8"?>
<!-- Generated by org.testng.reporters.JUnitReportReporter -->
<testsuite skipped="0" hostname="DESKTOP-ONH3S9L" name="WrapperTestLeafParaDataProvider.CreateLeadParaProvi" tests="1" failures="0" timestamp="2020-03-22T12:24:58 CDT" time="48.836" errors="0">
  <testcase name="createLead01" time="48.836" classname="WrapperTestLeafParaDataProvider.CreateLeadParaProvi"/>
</testsuite> <!-- WrapperTestLeafParaDataProvider.CreateLeadParaProvi -->
