<?xml version="1.0" encoding="UTF-8"?>
<!-- Generated by org.testng.reporters.JUnitReportReporter -->
<testsuite skipped="0" hostname="DESKTOP-ONH3S9L" name="testCases.TC002_EditLead" tests="1" failures="0" timestamp="2020-04-14T00:51:36 CDT" time="32.996" errors="0">
  <testcase name="editlead" time="32.996" classname="testCases.TC002_EditLead"/>
</testsuite> <!-- testCases.TC002_EditLead -->
