<?xml version="1.0" encoding="UTF-8"?>
<!-- Generated by org.testng.reporters.JUnitReportReporter -->
<testsuite skipped="0" hostname="DESKTOP-ONH3S9L" name="selenium_SivaC1.CreateLead" tests="1" failures="0" timestamp="2020-03-12T11:34:12 CDT" time="44.531" errors="0">
  <testcase name="createLead" time="44.531" classname="selenium_SivaC1.CreateLead"/>
</testsuite> <!-- selenium_SivaC1.CreateLead -->
