<?xml version="1.0" encoding="UTF-8"?>
<!-- Generated by org.testng.reporters.JUnitReportReporter -->
<testsuite skipped="0" hostname="DESKTOP-ONH3S9L" name="day2.LearnAUI1" tests="1" failures="0" timestamp="2020-05-15T02:39:13 CDT" time="16.340" errors="0">
  <testcase name="main" time="16.340" classname="day2.LearnAUI1"/>
</testsuite> <!-- day2.LearnAUI1 -->
