<?xml version="1.0" encoding="UTF-8"?>
<!-- Generated by org.testng.reporters.JUnitReportReporter -->
<testsuite skipped="0" hostname="DESKTOP-ONH3S9L" name="learnTestNG.DuplicateLead" tests="1" failures="0" timestamp="2020-05-10T17:17:56 CDT" time="45.813" errors="0">
  <testcase name="duplicateLead" time="45.813" classname="learnTestNG.DuplicateLead"/>
</testsuite> <!-- learnTestNG.DuplicateLead -->
