<?xml version="1.0" encoding="UTF-8"?>
<!-- Generated by org.testng.reporters.JUnitReportReporter -->
<testsuite skipped="0" hostname="DESKTOP-ONH3S9L" name="testCases.TC001_CreateLead" tests="1" failures="0" timestamp="2020-04-08T22:09:47 CDT" time="39.745" errors="0">
  <testcase name="createLead" time="39.745" classname="testCases.TC001_CreateLead"/>
</testsuite> <!-- testCases.TC001_CreateLead -->
