<?xml version="1.0" encoding="UTF-8"?>
<!-- Generated by org.testng.reporters.JUnitReportReporter -->
<testsuite skipped="0" hostname="DESKTOP-ONH3S9L" name="learnTestNG.DeleteLead" tests="1" failures="0" timestamp="2020-04-15T12:30:20 CDT" time="43.862" errors="0">
  <testcase name="deleteLead" time="43.862" classname="learnTestNG.DeleteLead"/>
</testsuite> <!-- learnTestNG.DeleteLead -->
