<?xml version="1.0" encoding="UTF-8"?>
<!-- Generated by org.testng.reporters.JUnitReportReporter -->
<testsuite skipped="0" hostname="DESKTOP-ONH3S9L" name="wrapper.TC004_DuplicateLead" tests="1" failures="0" timestamp="2020-04-17T22:21:35 CDT" time="33.622" errors="0">
  <testcase name="invokeApp" time="33.622" classname="wrapper.TC004_DuplicateLead"/>
</testsuite> <!-- wrapper.TC004_DuplicateLead -->
