<?xml version="1.0" encoding="UTF-8"?>
<!-- Generated by org.testng.reporters.JUnitReportReporter -->
<testsuite skipped="0" hostname="DESKTOP-ONH3S9L" name="learnTestNG.TestNGAnnotations" tests="2" failures="0" timestamp="2020-02-27T10:11:14 CST" time="0.021" errors="0">
  <testcase name="test2" time="0.004" classname="learnTestNG.TestNGAnnotations"/>
  <testcase name="test1" time="0.017" classname="learnTestNG.TestNGAnnotations"/>
</testsuite> <!-- learnTestNG.TestNGAnnotations -->
