<?xml version="1.0" encoding="UTF-8"?>
<!-- Generated by org.testng.reporters.JUnitReportReporter -->
<testsuite skipped="0" hostname="DESKTOP-ONH3S9L" name="day1.LearnPriority" tests="3" failures="0" timestamp="2020-05-17T15:12:09 CDT" time="0.036" errors="0">
  <testcase name="test3" time="0.022" classname="day1.LearnPriority"/>
  <testcase name="test2" time="0.006" classname="day1.LearnPriority"/>
  <testcase name="test1" time="0.008" classname="day1.LearnPriority"/>
</testsuite> <!-- day1.LearnPriority -->
