<?xml version="1.0" encoding="UTF-8"?>
<!-- Generated by org.testng.reporters.JUnitReportReporter -->
<testsuite skipped="0" hostname="DESKTOP-ONH3S9L" name="learnTestNG.LearnFrame" tests="1" failures="0" timestamp="2020-02-25T17:30:05 CST" time="23.426" errors="0">
  <testcase name="learnFrame" time="23.426" classname="learnTestNG.LearnFrame"/>
</testsuite> <!-- learnTestNG.LearnFrame -->
