<?xml version="1.0" encoding="UTF-8"?>
<!-- Generated by org.testng.reporters.JUnitReportReporter -->
<testsuite skipped="0" hostname="DESKTOP-ONH3S9L" name="day1.TestCase1" tests="1" failures="0" timestamp="2020-01-14T23:53:38 CST" time="25.769" errors="0">
  <testcase name="login" time="25.769" classname="day1.TestCase1"/>
</testsuite> <!-- day1.TestCase1 -->
