<?xml version="1.0" encoding="UTF-8"?>
<!-- Generated by org.testng.reporters.JUnitReportReporter -->
<testsuite skipped="0" hostname="DESKTOP-ONH3S9L" name="learnTestNG.MergeLead" tests="1" failures="0" timestamp="2020-04-28T00:35:30 CDT" time="58.805" errors="0">
  <testcase name="mergeLead" time="58.805" classname="learnTestNG.MergeLead"/>
</testsuite> <!-- learnTestNG.MergeLead -->
