<?xml version="1.0" encoding="UTF-8"?>
<!-- Generated by org.testng.reporters.JUnitReportReporter -->
<testsuite skipped="0" hostname="DESKTOP-ONH3S9L" name="wrapper.TC001_CreateLead" tests="1" failures="0" timestamp="2020-04-15T12:25:42 CDT" time="41.164" errors="0">
  <testcase name="createLead" time="41.164" classname="wrapper.TC001_CreateLead"/>
</testsuite> <!-- wrapper.TC001_CreateLead -->
