<?xml version="1.0" encoding="UTF-8"?>
<!-- Generated by org.testng.reporters.JUnitReportReporter -->
<testsuite skipped="0" hostname="DESKTOP-ONH3S9L" name="learnInterface.TC001_Login" tests="1" failures="0" timestamp="2020-04-10T13:17:54 CDT" time="44.418" errors="0">
  <testcase name="login" time="44.418" classname="learnInterface.TC001_Login"/>
</testsuite> <!-- learnInterface.TC001_Login -->
