<?xml version="1.0" encoding="UTF-8"?>
<!-- Generated by org.testng.reporters.JUnitReportReporter -->
<testsuite skipped="0" hostname="DESKTOP-ONH3S9L" name="wrapper.TC003_DeleteLead" tests="1" failures="0" timestamp="2020-04-17T18:13:30 CDT" time="37.950" errors="0">
  <testcase name="deleteLead" time="37.950" classname="wrapper.TC003_DeleteLead"/>
</testsuite> <!-- wrapper.TC003_DeleteLead -->
